0 info it worked if it ends with ok
1 verbose cli [ 'C:\\Program Files\\nodejs\\\\node.exe',
1 verbose cli   'C:\\Program Files\\nodejs\\node_modules\\npm\\bin\\npm-cli.js',
1 verbose cli   'install',
1 verbose cli   '-g',
1 verbose cli   'corodva@4.1.1' ]
2 info using npm@1.4.28
3 info using node@v0.10.33
4 verbose node symlink C:\Program Files\nodejs\\node.exe
5 verbose cache add [ 'corodva@4.1.1', null ]
6 verbose cache add name=undefined spec="corodva@4.1.1" args=["corodva@4.1.1",null]
7 verbose parsed url { protocol: null,
7 verbose parsed url   slashes: null,
7 verbose parsed url   auth: null,
7 verbose parsed url   host: null,
7 verbose parsed url   port: null,
7 verbose parsed url   hostname: null,
7 verbose parsed url   hash: null,
7 verbose parsed url   search: null,
7 verbose parsed url   query: null,
7 verbose parsed url   pathname: 'corodva@4.1.1',
7 verbose parsed url   path: 'corodva@4.1.1',
7 verbose parsed url   href: 'corodva@4.1.1' }
8 verbose cache add name="corodva" spec="4.1.1" args=["corodva","4.1.1"]
9 verbose parsed url { protocol: null,
9 verbose parsed url   slashes: null,
9 verbose parsed url   auth: null,
9 verbose parsed url   host: null,
9 verbose parsed url   port: null,
9 verbose parsed url   hostname: null,
9 verbose parsed url   hash: null,
9 verbose parsed url   search: null,
9 verbose parsed url   query: null,
9 verbose parsed url   pathname: '4.1.1',
9 verbose parsed url   path: '4.1.1',
9 verbose parsed url   href: '4.1.1' }
10 verbose addNamed [ 'corodva', '4.1.1' ]
11 verbose addNamed [ '4.1.1', '4.1.1' ]
12 silly lockFile ea159a38-corodva-4-1-1 corodva@4.1.1
13 verbose lock corodva@4.1.1 C:\Users\RINSOFT\AppData\Roaming\npm-cache\ea159a38-corodva-4-1-1.lock
14 verbose request where is /corodva
15 verbose request registry https://registry.npmjs.org/
16 verbose request id 027f12c9b86e9239
17 verbose url raw /corodva
18 verbose url resolving [ 'https://registry.npmjs.org/', './corodva' ]
19 verbose url resolved https://registry.npmjs.org/corodva
20 verbose request where is https://registry.npmjs.org/corodva
21 info trying registry request attempt 1 at 14:32:56
22 http GET https://registry.npmjs.org/corodva
23 http 404 https://registry.npmjs.org/corodva
24 silly registry.get cb [ 404,
24 silly registry.get   { 'content-type': 'application/json',
24 silly registry.get     'cache-control': 'max-age=0',
24 silly registry.get     'content-length': '2',
24 silly registry.get     'accept-ranges': 'bytes',
24 silly registry.get     date: 'Fri, 19 Feb 2016 09:02:56 GMT',
24 silly registry.get     via: '1.1 varnish',
24 silly registry.get     age: '0',
24 silly registry.get     connection: 'keep-alive',
24 silly registry.get     'x-served-by': 'cache-sin6926-SIN',
24 silly registry.get     'x-cache': 'MISS',
24 silly registry.get     'x-cache-hits': '0',
24 silly registry.get     'x-timer': 'S1455872575.499034,VS0,VE814' } ]
25 silly lockFile ea159a38-corodva-4-1-1 corodva@4.1.1
26 silly lockFile ea159a38-corodva-4-1-1 corodva@4.1.1
27 error 404 Not Found
27 error 404
27 error 404 'corodva' is not in the npm registry.
27 error 404 You should bug the author to publish it
27 error 404
27 error 404 Note that you can also install from a
27 error 404 tarball, folder, or http url, or git url.
28 error System Windows_NT 6.1.7601
29 error command "C:\\Program Files\\nodejs\\\\node.exe" "C:\\Program Files\\nodejs\\node_modules\\npm\\bin\\npm-cli.js" "install" "-g" "corodva@4.1.1"
30 error cwd D:\workspace\snapmdV3
31 error node -v v0.10.33
32 error npm -v 1.4.28
33 error code E404
34 verbose exit [ 1, true ]
